dictionary: data/lang_1char/conv-fin-sanasto_train_units.txt
stage 5: Decoding using a LM 
average over ['exp/conv-fin-sanasto_train_pytorch_train_no_preprocess/results/snapshot.ep.15', 'exp/conv-fin-sanasto_train_pytorch_train_no_preprocess/results/snapshot.ep.16', 'exp/conv-fin-sanasto_train_pytorch_train_no_preprocess/results/snapshot.ep.17', 'exp/conv-fin-sanasto_train_pytorch_train_no_preprocess/results/snapshot.ep.18', 'exp/conv-fin-sanasto_train_pytorch_train_no_preprocess/results/snapshot.ep.19', 'exp/conv-fin-sanasto_train_pytorch_train_no_preprocess/results/snapshot.ep.20', 'exp/conv-fin-sanasto_train_pytorch_train_no_preprocess/results/snapshot.ep.21', 'exp/conv-fin-sanasto_train_pytorch_train_no_preprocess/results/snapshot.ep.22', 'exp/conv-fin-sanasto_train_pytorch_train_no_preprocess/results/snapshot.ep.23', 'exp/conv-fin-sanasto_train_pytorch_train_no_preprocess/results/snapshot.ep.24']
write a CER (or TER) result in exp/conv-fin-sanasto_train_pytorch_train_no_preprocess/decode_dev_decode_lm_unit_2048_weights/result.txt
|   SPKR         |  # Snt      # Wrd   |  Corr        Sub       Del        Ins       Err      S.Err   |
|   Sum/Avg      |   850       64628   |  85.4        5.6       9.0        3.7      18.3       97.2   |
write a WER result in exp/conv-fin-sanasto_train_pytorch_train_no_preprocess/decode_dev_decode_lm_unit_2048_weights/result.wrd.txt
|   SPKR         |   # Snt     # Wrd   |   Corr        Sub         Del        Ins        Err      S.Err   |
|   Sum/Avg      |    850      10803   |   53.5       38.5         7.9        5.4       51.9       96.7   |
write a CER (or TER) result in exp/conv-fin-sanasto_train_pytorch_train_no_preprocess/decode_test_decode_lm_unit_2048_weights/result.txt
|  SPKR              |  # Snt     # Wrd   |  Corr        Sub       Del       Ins       Err     S.Err   |
|  Sum/Avg           |   541      38038   |  85.5        5.5       9.0       3.4      17.9      93.7   |
write a WER result in exp/conv-fin-sanasto_train_pytorch_train_no_preprocess/decode_test_decode_lm_unit_2048_weights/result.wrd.txt
|   SPKR              |  # Snt     # Wrd   |   Corr       Sub        Del        Ins       Err      S.Err   |
|   Sum/Avg           |   541       6344   |   54.2      37.8        8.0        5.6      51.4       93.3   |
Finished
stage 8: Model parameters
exp/conv-fin-sanasto_train_pytorch_train_no_preprocess/results/model.last10.avg.best
Trainable parameters:  35605068
stage 9: Language model parameters
exp/train_rnnlm_pytorch/rnnlm.model.best
Trainable parameters:  6819838
Length vocabulary:  38
decode 1400 frames + astrid trained model as teacher model