stage 1: Kaldi Feature Generation
steps/make_fbank_pitch.sh --cmd run.pl --nj 10 --write_utt2num_frames true data/conv-fin-sanasto_train exp/make_fbank/conv-fin-sanasto_train fbank
steps/make_fbank_pitch.sh: moving data/conv-fin-sanasto_train/feats.scp to data/conv-fin-sanasto_train/.backup
utils/validate_data_dir.sh: Successfully validated data-directory data/conv-fin-sanasto_train
steps/make_fbank_pitch.sh: [info]: no segments file exists: assuming wav.scp indexed by utterance.
steps/make_fbank_pitch.sh: Succeeded creating filterbank and pitch features for conv-fin-sanasto_train
fix_data_dir.sh: kept all 15966 utterances.
fix_data_dir.sh: old files are kept in data/conv-fin-sanasto_train/.backup
Features for training done
steps/make_fbank_pitch.sh --cmd run.pl --nj 4 --write_utt2num_frames true data/dev exp/make_fbank/dev fbank
steps/make_fbank_pitch.sh: moving data/dev/feats.scp to data/dev/.backup
utils/validate_data_dir.sh: Successfully validated data-directory data/dev
steps/make_fbank_pitch.sh: [info]: no segments file exists: assuming wav.scp indexed by utterance.
steps/make_fbank_pitch.sh: Succeeded creating filterbank and pitch features for dev
fix_data_dir.sh: kept all 989 utterances.
fix_data_dir.sh: old files are kept in data/dev/.backup
steps/make_fbank_pitch.sh --cmd run.pl --nj 4 --write_utt2num_frames true data/test exp/make_fbank/test fbank
steps/make_fbank_pitch.sh: moving data/test/feats.scp to data/test/.backup
utils/validate_data_dir.sh: Successfully validated data-directory data/test
steps/make_fbank_pitch.sh: [info]: no segments file exists: assuming wav.scp indexed by utterance.
steps/make_fbank_pitch.sh: Succeeded creating filterbank and pitch features for test
fix_data_dir.sh: kept all 541 utterances.
fix_data_dir.sh: old files are kept in data/test/.backup
Features for dev and test done
Sdir is : data/conv-fin-sanasto_train_org
Odir : data/conv-fin-sanasto_train
extract utterances having less than 1500 or more than 10 frames
utils/data/get_utt2num_frames.sh: data/conv-fin-sanasto_train_org/utt2num_frames already present!
extract utterances having less than 400 or more than 0 characters
Reduced #utt from 15966 to 13987
fix_data_dir.sh: kept all 13987 utterances.
fix_data_dir.sh: old files are kept in data/conv-fin-sanasto_train/.backup
change from 15966 to 13987
Sdir is : data/dev_org
Odir : data/dev
extract utterances having less than 1500 or more than 10 frames
utils/data/get_utt2num_frames.sh: data/dev_org/utt2num_frames already present!
extract utterances having less than 400 or more than 0 characters
Reduced #utt from 989 to 897
fix_data_dir.sh: kept all 897 utterances.
fix_data_dir.sh: old files are kept in data/dev/.backup
change from 989 to 897
Dumping features started for train
/scratch/work/choudhs1/espnet/egs/dsp_filtered/asr1/../../../utils/dump.sh --cmd run.pl --nj 10 --do_delta false data/conv-fin-sanasto_train/feats.scp data/conv-fin-sanasto_train/cmvn.ark exp/dump_feats/train dump/conv-fin-sanasto_train/deltafalse
Dumping features started for dev and test
/scratch/work/choudhs1/espnet/egs/dsp_filtered/asr1/../../../utils/dump.sh --cmd run.pl --nj 4 --do_delta false data/dev/feats.scp data/conv-fin-sanasto_train/cmvn.ark exp/dump_feats/recog/dev dump/dev/deltafalse
/scratch/work/choudhs1/espnet/egs/dsp_filtered/asr1/../../../utils/dump.sh --cmd run.pl --nj 4 --do_delta false data/test/feats.scp data/conv-fin-sanasto_train/cmvn.ark exp/dump_feats/recog/test dump/test/deltafalse
feature dumps done
dictionary: data/lang_1char/conv-fin-sanasto_train_units.txt
stage 2: Dictionary and Json Data Preparation
[laugh]
[reject]
36 data/lang_1char/conv-fin-sanasto_train_units.txt
JSON files done
dictionary: data/lang_1char/conv-fin-sanasto_train_units.txt
stage 4: Network Training
Training done
stage 8: Model parameters
exp/conv-fin-sanasto_train_pytorch_train_no_preprocess/results/model.acc.best
Trainable parameters:  35605068
stage 9: Language model parameters
exp/train_rnnlm_pytorch/rnnlm.model.best
Trainable parameters:  6819838
Length vocabulary:  38
dictionary: data/lang_1char/conv-fin-sanasto_train_units.txt
stage 5: Decoding using a LM 
average over ['exp/conv-fin-sanasto_train_pytorch_train_no_preprocess_filtered_1500/results/snapshot.ep.17', 'exp/conv-fin-sanasto_train_pytorch_train_no_preprocess_filtered_1500/results/snapshot.ep.18', 'exp/conv-fin-sanasto_train_pytorch_train_no_preprocess_filtered_1500/results/snapshot.ep.19', 'exp/conv-fin-sanasto_train_pytorch_train_no_preprocess_filtered_1500/results/snapshot.ep.20', 'exp/conv-fin-sanasto_train_pytorch_train_no_preprocess_filtered_1500/results/snapshot.ep.21', 'exp/conv-fin-sanasto_train_pytorch_train_no_preprocess_filtered_1500/results/snapshot.ep.22', 'exp/conv-fin-sanasto_train_pytorch_train_no_preprocess_filtered_1500/results/snapshot.ep.23', 'exp/conv-fin-sanasto_train_pytorch_train_no_preprocess_filtered_1500/results/snapshot.ep.24', 'exp/conv-fin-sanasto_train_pytorch_train_no_preprocess_filtered_1500/results/snapshot.ep.25', 'exp/conv-fin-sanasto_train_pytorch_train_no_preprocess_filtered_1500/results/snapshot.ep.26']
write a CER (or TER) result in exp/conv-fin-sanasto_train_pytorch_train_no_preprocess_filtered_1500/decode_dev_decode_lm_unit_2048_lm0.5_ctc0.3/result.txt
|    SPKR          |   # Snt        # Wrd    |    Corr         Sub          Del          Ins         Err        S.Err    |
|    Sum/Avg       |    897         74792    |    86.2         5.3          8.5          3.7        17.5         97.4    |
write a WER result in exp/conv-fin-sanasto_train_pytorch_train_no_preprocess_filtered_1500/decode_dev_decode_lm_unit_2048_lm0.5_ctc0.3/result.wrd.txt
|    SPKR          |    # Snt       # Wrd     |    Corr          Sub          Del          Ins           Err        S.Err    |
|    Sum/Avg       |     897        12495     |    55.7         37.3          7.0          5.7          50.0         97.2    |
write a CER (or TER) result in exp/conv-fin-sanasto_train_pytorch_train_no_preprocess_filtered_1500/decode_test_decode_lm_unit_2048_lm0.5_ctc0.3/result.txt
|   SPKR               |   # Snt        # Wrd    |   Corr         Sub         Del          Ins         Err       S.Err    |
|   Sum/Avg            |    541         38038    |   85.6         5.7         8.7          3.6        18.0        94.1    |
write a WER result in exp/conv-fin-sanasto_train_pytorch_train_no_preprocess_filtered_1500/decode_test_decode_lm_unit_2048_lm0.5_ctc0.3/result.wrd.txt
|    SPKR               |    # Snt      # Wrd    |    Corr          Sub          Del         Ins          Err        S.Err    |
|    Sum/Avg            |     541        6344    |    55.5         37.6          7.0         6.1         50.6         93.3    |
Finished
stage 8: Model parameters
exp/conv-fin-sanasto_train_pytorch_train_no_preprocess/results/model.last10.avg.best
Trainable parameters:  35605068
stage 9: Language model parameters
exp/train_rnnlm_pytorch/rnnlm.model.best
Trainable parameters:  6819838
Length vocabulary:  38
