dictionary: data/lang_1char/conv-fin-sanasto_train_org_units.txt
stage 4: Network Training
Training done
dictionary: data/lang_1char/conv-fin-sanasto_train_org_units.txt
stage 5: Decoding using a char based, lm weight 0.5 ctc weight 0.3, TL for full model 
average over ['exp/conv-fin-sanasto_train_org_pytorch_train_decoder_lm_kieli_full_no_preprocess/results/snapshot.ep.3', 'exp/conv-fin-sanasto_train_org_pytorch_train_decoder_lm_kieli_full_no_preprocess/results/snapshot.ep.4', 'exp/conv-fin-sanasto_train_org_pytorch_train_decoder_lm_kieli_full_no_preprocess/results/snapshot.ep.5', 'exp/conv-fin-sanasto_train_org_pytorch_train_decoder_lm_kieli_full_no_preprocess/results/snapshot.ep.6', 'exp/conv-fin-sanasto_train_org_pytorch_train_decoder_lm_kieli_full_no_preprocess/results/snapshot.ep.7', 'exp/conv-fin-sanasto_train_org_pytorch_train_decoder_lm_kieli_full_no_preprocess/results/snapshot.ep.8', 'exp/conv-fin-sanasto_train_org_pytorch_train_decoder_lm_kieli_full_no_preprocess/results/snapshot.ep.9', 'exp/conv-fin-sanasto_train_org_pytorch_train_decoder_lm_kieli_full_no_preprocess/results/snapshot.ep.10', 'exp/conv-fin-sanasto_train_org_pytorch_train_decoder_lm_kieli_full_no_preprocess/results/snapshot.ep.11', 'exp/conv-fin-sanasto_train_org_pytorch_train_decoder_lm_kieli_full_no_preprocess/results/snapshot.ep.12']
Decode started
Decode started
write a CER (or TER) result in exp/conv-fin-sanasto_train_org_pytorch_train_decoder_lm_kieli_full_no_preprocess/decode_test_decode_beam_20_ctc3_lm5_lm_unit_650_charlm/result.txt
|     SPKR                |    # Snt          # Wrd     |     Corr           Sub            Del            Ins           Err          S.Err     |
|     Sum/Avg             |     541           38038     |     88.4           4.2            7.4            2.9          14.5           92.1     |
write a WER result in exp/conv-fin-sanasto_train_org_pytorch_train_decoder_lm_kieli_full_no_preprocess/decode_test_decode_beam_20_ctc3_lm5_lm_unit_650_charlm/result.wrd.txt
|     SPKR                |     # Snt         # Wrd      |     Corr            Sub            Del            Ins             Err          S.Err     |
|     Sum/Avg             |      541           6344      |     59.5           33.3            7.2            4.2            44.7           91.5     |
write a CER (or TER) result in exp/conv-fin-sanasto_train_org_pytorch_train_decoder_lm_kieli_full_no_preprocess/decode_dev_decode_beam_20_ctc3_lm5_lm_unit_650_charlm/result.txt
|     SPKR           |     # Snt          # Wrd     |     Corr            Sub             Del            Ins            Err          S.Err     |
|     Sum/Avg        |      989          105572     |     88.6            4.0             7.4            3.3           14.7           97.0     |
write a WER result in exp/conv-fin-sanasto_train_org_pytorch_train_decoder_lm_kieli_full_no_preprocess/decode_dev_decode_beam_20_ctc3_lm5_lm_unit_650_charlm/result.wrd.txt
|     SPKR            |     # Snt         # Wrd      |     Corr             Sub            Del             Ins             Err          S.Err      |
|     Sum/Avg         |      989          17470      |     59.5            33.7            6.8             4.7            45.2           96.7      |
Finished
