dictionary: data/lang_1char/conv-fin-sanasto_train_org_units.txt
stage 4: Network Training
dictionary: data/lang_1char/conv-fin-sanasto_train_org_units.txt
stage 4: Network Training
dictionary: data/lang_1char/conv-fin-sanasto_train_org_units.txt
stage 4: Network Training
dictionary: data/lang_1char/conv-fin-sanasto_train_org_units.txt
stage 4: Network Training
Training done
stage 8: Model parameters
exp/conv-fin-sanasto_train_org_pytorch_train_freeze_layer_8_no_preprocess/results/model.acc.best
Trainable parameters:  35605068
dictionary: data/lang_1char/conv-fin-sanasto_train_org_units.txt
stage 4: Network Training
dictionary: data/lang_1char/conv-fin-sanasto_train_org_units.txt
stage 5: Decoding using a LM unit 650, lm weight 0.5 ctc weight 0.3, TL for freezing first 8 layers encoder, decoder all transferred 
average over ['exp/conv-fin-sanasto_train_org_pytorch_train_freeze_layer_8_no_preprocess/results/snapshot.ep.37', 'exp/conv-fin-sanasto_train_org_pytorch_train_freeze_layer_8_no_preprocess/results/snapshot.ep.38', 'exp/conv-fin-sanasto_train_org_pytorch_train_freeze_layer_8_no_preprocess/results/snapshot.ep.39', 'exp/conv-fin-sanasto_train_org_pytorch_train_freeze_layer_8_no_preprocess/results/snapshot.ep.40', 'exp/conv-fin-sanasto_train_org_pytorch_train_freeze_layer_8_no_preprocess/results/snapshot.ep.41', 'exp/conv-fin-sanasto_train_org_pytorch_train_freeze_layer_8_no_preprocess/results/snapshot.ep.42', 'exp/conv-fin-sanasto_train_org_pytorch_train_freeze_layer_8_no_preprocess/results/snapshot.ep.43', 'exp/conv-fin-sanasto_train_org_pytorch_train_freeze_layer_8_no_preprocess/results/snapshot.ep.44', 'exp/conv-fin-sanasto_train_org_pytorch_train_freeze_layer_8_no_preprocess/results/snapshot.ep.45', 'exp/conv-fin-sanasto_train_org_pytorch_train_freeze_layer_8_no_preprocess/results/snapshot.ep.46']
Decode startes
Decode startes
write a CER (or TER) result in exp/conv-fin-sanasto_train_org_pytorch_train_freeze_layer_8_no_preprocess/decode_test_decode_lm_unit_650/result.txt
|   SPKR              |   # Snt      # Wrd    |   Corr        Sub        Del        Ins         Err      S.Err   |
|   Sum/Avg           |    541       38038    |   80.8        7.5       11.7        4.3        23.5       95.9   |
write a WER result in exp/conv-fin-sanasto_train_org_pytorch_train_freeze_layer_8_no_preprocess/decode_test_decode_lm_unit_650/result.wrd.txt
|   SPKR               |   # Snt      # Wrd   |   Corr         Sub         Del         Ins        Err       S.Err    |
|   Sum/Avg            |    541        6344   |   49.1        42.1         8.7         6.7       57.6        95.0    |
dictionary: data/lang_1char/conv-fin-sanasto_train_org_units.txt
stage 5: Decoding using a LM unit 650, lm weight 0.5 ctc weight 0.3, TL for freezing first 4 layers encoder, decoder all transferred 
Decode startes
write a CER (or TER) result in exp/conv-fin-sanasto_train_org_pytorch_train_freeze_layer_8_no_preprocess/decode_dev_decode_lm_unit_650/result.txt
|   SPKR          |   # Snt      # Wrd    |   Corr         Sub        Del         Ins         Err      S.Err    |
|   Sum/Avg       |    890       89729    |   80.4         8.0       11.6         5.4        25.0       97.5    |
write a WER result in exp/conv-fin-sanasto_train_org_pytorch_train_freeze_layer_8_no_preprocess/decode_dev_decode_lm_unit_650/result.wrd.txt
|   SPKR          |   # Snt       # Wrd    |   Corr         Sub         Del          Ins         Err       S.Err    |
|   Sum/Avg       |    890        14839    |   50.1        41.3         8.6          7.9        57.8        97.0    |
Finished
stage 8: Model parameters
exp/conv-fin-sanasto_train_org_pytorch_train_freeze_layer_8_no_preprocess/results/model.last10.avg.best
Trainable parameters:  35605068
stage 9: Language model parameters
exp/train_rnnlm_pytorch/rnnlm.model.best
Trainable parameters:  6819838
Length vocabulary:  38
dictionary: data/lang_1char/conv-fin-sanasto_train_org_units.txt
stage 5: Decoding using a LM unit 650, lm weight 0.5 ctc weight 0.3, TL for freezing first 4 layers encoder, decoder all transferred 
Decode startes
write a CER (or TER) result in exp/conv-fin-sanasto_train_org_pytorch_train_freeze_layer_8_no_preprocess/decode_dev_decode_lm_unit_650/result.txt
|   SPKR          |   # Snt      # Wrd    |   Corr         Sub        Del         Ins         Err      S.Err    |
|   Sum/Avg       |    989      105572    |   80.3         8.0       11.7         5.4        25.1       97.7    |
write a WER result in exp/conv-fin-sanasto_train_org_pytorch_train_freeze_layer_8_no_preprocess/decode_dev_decode_lm_unit_650/result.wrd.txt
|   SPKR          |   # Snt       # Wrd    |   Corr         Sub         Del          Ins         Err       S.Err    |
|   Sum/Avg       |    989        17470    |   50.3        41.1         8.6          8.0        57.6        97.2    |
Finished
stage 8: Model parameters
exp/conv-fin-sanasto_train_org_pytorch_train_freeze_layer_8_no_preprocess/results/model.last10.avg.best
Trainable parameters:  35605068
stage 9: Language model parameters
exp/train_rnnlm_pytorch/rnnlm.model.best
Trainable parameters:  6819838
Length vocabulary:  38
