dictionary: data/lang_1char/all_cleaned_units.txt
stage 3: LM Preparation
Lm training done
stage 9: Language model parameters
exp/train_rnnlm_pytorch_large_lm_2048/rnnlm.model.best
Trainable parameters:  67412034
Length vocabulary:  66
dictionary: data/lang_1char/all_cleaned_units.txt
stage 5: Decoding with large LM 2048 and beam size 40 and pretrained model
dictionary: data/lang_1char/all_cleaned_units.txt
stage 5: Decoding with large LM 2048 and beam size 40 and pretrained model
write a CER (or TER) result in exp/astrid_trained_model/decode_yle-dev-new_decode_beam_40_lm5_ctc3_large_lm_2048_beam_40/result.txt
| SPKR                                          | # Snt  # Wrd | Corr    Sub    Del    Ins    Err  S.Err |
| Sum/Avg                                       | 2850  293409 | 95.7    2.1    2.3    2.0    6.3   76.3 |
write a WER result in exp/astrid_trained_model/decode_yle-dev-new_decode_beam_40_lm5_ctc3_large_lm_2048_beam_40/result.wrd.txt
| SPKR                                          | # Snt # Wrd | Corr    Sub    Del    Ins    Err  S.Err |
| Sum/Avg                                       | 2850  35070 | 79.4   17.7    2.9    4.6   25.2   73.6 |
write a CER (or TER) result in exp/astrid_trained_model/decode_yle-test-new_decode_beam_40_lm5_ctc3_large_lm_2048_beam_40/result.txt
| SPKR                                          | # Snt  # Wrd | Corr    Sub    Del    Ins    Err  S.Err |
| Sum/Avg                                       | 3006  303312 | 95.8    1.8    2.4    1.7    6.0   75.8 |
write a WER result in exp/astrid_trained_model/decode_yle-test-new_decode_beam_40_lm5_ctc3_large_lm_2048_beam_40/result.wrd.txt
| SPKR                                          | # Snt # Wrd | Corr    Sub    Del    Ins    Err  S.Err |
| Sum/Avg                                       | 3006  36869 | 79.9   16.8    3.3    3.9   23.9   73.2 |
Finished
stage 9: Language model parameters
exp/train_rnnlm_pytorch_large_lm_2048/rnnlm.model.best
Trainable parameters:  67412034
Length vocabulary:  66
