dictionary: data/lang_1char/all_cleaned_units.txt
stage 5: Decoding with large LM and beam size 20 and pretrained model
write a CER (or TER) result in exp/astrid_trained_model/decode_yle-dev-new_decode_large_lm_beam_20/result.txt
| SPKR                                          | # Snt  # Wrd | Corr    Sub    Del    Ins    Err  S.Err |
| Sum/Avg                                       | 2850  293409 | 95.8    2.1    2.2    2.1    6.4   76.5 |
write a WER result in exp/astrid_trained_model/decode_yle-dev-new_decode_large_lm_beam_20/result.wrd.txt
| SPKR                                          | # Snt # Wrd | Corr    Sub    Del    Ins    Err  S.Err |
| Sum/Avg                                       | 2850  35070 | 79.2   17.6    3.2    4.3   25.1   73.5 |
write a CER (or TER) result in exp/astrid_trained_model/decode_yle-test-new_decode_large_lm_beam_20/result.txt
| SPKR                                          | # Snt  # Wrd | Corr    Sub    Del    Ins    Err  S.Err |
| Sum/Avg                                       | 3006  303312 | 95.9    1.9    2.3    1.9    6.0   76.3 |
write a WER result in exp/astrid_trained_model/decode_yle-test-new_decode_large_lm_beam_20/result.wrd.txt
| SPKR                                          | # Snt # Wrd | Corr    Sub    Del    Ins    Err  S.Err |
| Sum/Avg                                       | 3006  36869 | 79.6   16.8    3.6    3.8   24.2   73.3 |
Finished
stage 8: Model parameters
exp/all_cleaned_pytorch_train_no_preprocess/results/model.last10.avg.best
Trainable parameters:  35626628
stage 9: Language model parameters
exp/train_rnnlm_pytorch_large_lm/rnnlm.model.best
Trainable parameters:  16148066
Length vocabulary:  66
