make a non-linguistic symbol list
[fil]
[int]
[spk]
make a dictionary
64 data/lang_1char/kielipankki_full.txt
Done
stage 3: LM Preparation
stage 5: Decoding with avg checkpoints, with LM 2048 unit and decode beam size 40
write a CER (or TER) result in exp/all_cleaned_pytorch_train_large_transformer_retrained_transformer_model/decode_yle-dev-new_decode_beam_40_lm5_ctc3_kielipankki_full/result.txt
|   SPKR                                            |   # Snt       # Wrd   |   Corr        Sub         Del        Ins        Err       S.Err   |
|   Sum/Avg                                         |   2850       293409   |   96.9        1.4         1.7        1.4        4.5        61.6   |
write a WER result in exp/all_cleaned_pytorch_train_large_transformer_retrained_transformer_model/decode_yle-dev-new_decode_beam_40_lm5_ctc3_kielipankki_full/result.wrd.txt
|   SPKR                                             |   # Snt      # Wrd    |   Corr         Sub        Del         Ins         Err       S.Err    |
|   Sum/Avg                                          |   2850       35070    |   85.8        11.8        2.4         2.4        16.6        59.4    |
write a CER (or TER) result in exp/all_cleaned_pytorch_train_large_transformer_retrained_transformer_model/decode_yle-test-new_decode_beam_40_lm5_ctc3_kielipankki_full/result.txt
|   SPKR                                            |   # Snt       # Wrd   |   Corr         Sub        Del         Ins        Err       S.Err   |
|   Sum/Avg                                         |   3006       303312   |   97.0         1.2        1.8         1.2        4.2        60.9   |
write a WER result in exp/all_cleaned_pytorch_train_large_transformer_retrained_transformer_model/decode_yle-test-new_decode_beam_40_lm5_ctc3_kielipankki_full/result.wrd.txt
|   SPKR                                             |   # Snt      # Wrd    |   Corr         Sub         Del         Ins         Err       S.Err    |
|   Sum/Avg                                          |   3006       36869    |   86.2        11.0         2.7         1.9        15.7        59.0    |
Finished
