make a non-linguistic symbol list
[fil]
[int]
[spk]
make a dictionary
64 data/lang_1char/kielipankki_5000k_lm.txt
Done
stage 3: LM Preparation
stage 3: LM Preparation
New data is 6.22 tims original stage 5: Decoding with avg checkpoints, with LM 2048 unit and decode beam size 40
write a CER (or TER) result in exp/all_cleaned_pytorch_train_large_transformer_retrained_transformer_model/decode_yle-dev-new_decode_beam_40_lm5_ctc3_kielipankki_5000k_lm/result.txt
|   SPKR                                             |   # Snt       # Wrd   |   Corr         Sub         Del         Ins        Err       S.Err    |
|   Sum/Avg                                          |   2850       293409   |   96.9         1.4         1.7         1.4        4.5        60.7    |
write a WER result in exp/all_cleaned_pytorch_train_large_transformer_retrained_transformer_model/decode_yle-dev-new_decode_beam_40_lm5_ctc3_kielipankki_5000k_lm/result.wrd.txt
|   SPKR                                             |    # Snt      # Wrd    |   Corr          Sub         Del         Ins          Err       S.Err    |
|   Sum/Avg                                          |    2850       35070    |   86.0         11.7         2.3         2.4         16.5        58.2    |
write a CER (or TER) result in exp/all_cleaned_pytorch_train_large_transformer_retrained_transformer_model/decode_yle-test-new_decode_beam_40_lm5_ctc3_kielipankki_5000k_lm/result.txt
|   SPKR                                             |   # Snt       # Wrd    |   Corr         Sub        Del         Ins         Err       S.Err    |
|   Sum/Avg                                          |   3006       303312    |   97.0         1.2        1.8         1.2         4.2        60.6    |
write a WER result in exp/all_cleaned_pytorch_train_large_transformer_retrained_transformer_model/decode_yle-test-new_decode_beam_40_lm5_ctc3_kielipankki_5000k_lm/result.wrd.txt
|   SPKR                                             |    # Snt      # Wrd    |    Corr         Sub          Del         Ins          Err       S.Err    |
|   Sum/Avg                                          |    3006       36869    |    86.5        10.8          2.7         2.0         15.5        58.2    |
Finished
